<?xml version="1.0" encoding="UTF-8"?>
<!-- Generated by org.testng.reporters.JUnitXMLReporter -->
<testsuite hostname="LE000539" ignored="0" name="Amazongoogletest" tests="3" failures="0" timestamp="2020-01-24T11:21:21 IST" time="20.683" errors="0">
  <testcase name="verifyfirstline" time="0.563" classname="testrunner.Amazongoogletestrun"/>
  <testcase name="signinbuttonclick" time="3.321" classname="testrunner.Amazongoogletestrun"/>
  <testcase name="movetothenextpagecreateaccount" time="0.751" classname="testrunner.Amazongoogletestrun"/>
</testsuite> <!-- Amazongoogletest -->
