<?xml version="1.0" encoding="UTF-8"?>
<!-- Generated by org.testng.reporters.JUnitXMLReporter -->
<testsuite hostname="LE000539" ignored="0" name="exampletest1" tests="3" failures="2" timestamp="2020-01-03T12:34:16 IST" time="0.094" errors="0">
  <testcase name="browserstart" time="0.023" classname="Basepage.Basetesting">
    <skipped/>
  </testcase> <!-- browserstart -->
  <testcase name="browserstart" time="0.004" classname="Basepage.Basetesting">
    <failure type="java.lang.RuntimeException" message="java.lang.NullPointerException">
      <![CDATA[java.lang.RuntimeException: java.lang.NullPointerException
at ru.yandex.qatools.ashot.util.InnerScript.execute(InnerScript.java:29)
at ru.yandex.qatools.ashot.shooting.ViewportPastingDecorator.getFullHeight(ViewportPastingDecorator.java:67)
at ru.yandex.qatools.ashot.shooting.ViewportPastingDecorator.getScreenshot(ViewportPastingDecorator.java:41)
at ru.yandex.qatools.ashot.shooting.ViewportPastingDecorator.getScreenshot(ViewportPastingDecorator.java:35)
at ru.yandex.qatools.ashot.AShot.takeScreenshot(AShot.java:143)
at Basepage.Basetesting.fullsscreen(Basetesting.java:221)
at Basepage.Basetesting.onTestStart(Basetesting.java:109)
at java.util.ArrayList.forEach(ArrayList.java:1249)
Caused by: java.lang.NullPointerException
at ru.yandex.qatools.ashot.util.InnerScript.execute(InnerScript.java:27)
... 31 more
... Removed 24 stack frames]]>
    </failure>
  </testcase> <!-- browserstart -->
  <testcase name="browserstart" time="0.062" classname="Basepage.Basetesting">
    <failure type="java.lang.RuntimeException" message="java.lang.NullPointerException">
      <![CDATA[java.lang.RuntimeException: java.lang.NullPointerException
at ru.yandex.qatools.ashot.util.InnerScript.execute(InnerScript.java:29)
at ru.yandex.qatools.ashot.shooting.ViewportPastingDecorator.getFullHeight(ViewportPastingDecorator.java:67)
at ru.yandex.qatools.ashot.shooting.ViewportPastingDecorator.getScreenshot(ViewportPastingDecorator.java:41)
at ru.yandex.qatools.ashot.shooting.ViewportPastingDecorator.getScreenshot(ViewportPastingDecorator.java:35)
at ru.yandex.qatools.ashot.AShot.takeScreenshot(AShot.java:143)
at Basepage.Basetesting.fullsscreen(Basetesting.java:221)
at Basepage.Basetesting.onTestFailure(Basetesting.java:127)
at java.util.ArrayList.forEach(ArrayList.java:1249)
Caused by: java.lang.NullPointerException
at ru.yandex.qatools.ashot.util.InnerScript.execute(InnerScript.java:27)
... 31 more
... Removed 24 stack frames]]>
    </failure>
  </testcase> <!-- browserstart -->
</testsuite> <!-- exampletest1 -->
