<?xml version="1.0" encoding="UTF-8"?>
<!-- Generated by org.testng.reporters.JUnitXMLReporter -->
<testsuite hostname="LE000539" ignored="1" name="Logincredentialtest" tests="3" failures="0" timestamp="2020-01-24T11:21:43 IST" time="22.305" errors="0">
  <testcase name="amazonregtitleverify" time="0.126" classname="testrunner.Logincredentialtestrun"/>
  <testcase name="enterthename" time="0.231" classname="testrunner.Logincredentialtestrun"/>
  <testcase name="dateselection" time="16.489" classname="testrunner.Logincredentialtestrun"/>
  <testcase name="getthetitle" time="0.0" classname="testrunner.Logincredentialtestrun">
    <ignored/>
  </testcase> <!-- getthetitle -->
</testsuite> <!-- Logincredentialtest -->
