<?xml version="1.0" encoding="UTF-8"?>
<!-- Generated by org.testng.reporters.JUnitXMLReporter -->
<testsuite hostname="LE000539" ignored="0" name="verifyfirstline" tests="3" failures="0" timestamp="2020-01-10T13:58:26 IST" time="15.703" errors="0">
  <testcase name="verifyfirstline" time="0.094" classname="testrunner.Amazongoogletestrun"/>
  <testcase name="signinbuttonclick" time="0.8" classname="testrunner.Amazongoogletestrun"/>
  <testcase name="movetothenextpagecreateaccount" time="0.694" classname="testrunner.Amazongoogletestrun"/>
</testsuite> <!-- verifyfirstline -->
