<?xml version="1.0" encoding="UTF-8"?>
<!-- Generated by org.testng.reporters.JUnitXMLReporter -->
<testsuite hostname="LE000539" ignored="0" name="Amazongoogletest" tests="3" failures="2" timestamp="2020-02-21T16:26:11 IST" time="0.168" errors="0">
  <testcase name="verifyfirstline" time="0.02" classname="testrunner.Amazongoogletestrun">
    <skipped/>
  </testcase> <!-- verifyfirstline -->
  <testcase name="verifyfirstline" time="0.006" classname="testrunner.Amazongoogletestrun">
    <failure type="java.lang.NullPointerException">
      <![CDATA[java.lang.NullPointerException
at pageobjects.Amazonanotherpage.verify_first_texting(Amazonanotherpage.java:29)
at testrunner.Amazongoogletestrun.verifyfirstline(Amazongoogletestrun.java:27)
at java.util.ArrayList.forEach(ArrayList.java:1249)
at java.util.concurrent.FutureTask.run(FutureTask.java:266)
at java.util.concurrent.ThreadPoolExecutor.runWorker(ThreadPoolExecutor.java:1142)
at java.util.concurrent.ThreadPoolExecutor$Worker.run(ThreadPoolExecutor.java:617)
at java.lang.Thread.run(Thread.java:745)
... Removed 18 stack frames]]>
    </failure>
  </testcase> <!-- verifyfirstline -->
  <testcase name="verifyfirstline" time="0.134" classname="testrunner.Amazongoogletestrun">
    <failure type="java.lang.RuntimeException" message="java.lang.NullPointerException">
      <![CDATA[java.lang.RuntimeException: java.lang.NullPointerException
at ru.yandex.qatools.ashot.util.InnerScript.execute(InnerScript.java:29)
at ru.yandex.qatools.ashot.shooting.ViewportPastingDecorator.getFullHeight(ViewportPastingDecorator.java:67)
at ru.yandex.qatools.ashot.shooting.ViewportPastingDecorator.getScreenshot(ViewportPastingDecorator.java:41)
at ru.yandex.qatools.ashot.shooting.ViewportPastingDecorator.getScreenshot(ViewportPastingDecorator.java:35)
at ru.yandex.qatools.ashot.AShot.takeScreenshot(AShot.java:143)
at basepage.Basetesting.fullsscreen(Basetesting.java:189)
at basepage.Basetesting.onTestFailure(Basetesting.java:155)
at java.util.ArrayList.forEach(ArrayList.java:1249)
at java.util.concurrent.FutureTask.run(FutureTask.java:266)
at java.util.concurrent.ThreadPoolExecutor.runWorker(ThreadPoolExecutor.java:1142)
at java.util.concurrent.ThreadPoolExecutor$Worker.run(ThreadPoolExecutor.java:617)
at java.lang.Thread.run(Thread.java:745)
Caused by: java.lang.NullPointerException
at ru.yandex.qatools.ashot.util.InnerScript.execute(InnerScript.java:27)
... 26 more
... Removed 15 stack frames]]>
    </failure>
  </testcase> <!-- verifyfirstline -->
</testsuite> <!-- Amazongoogletest -->
