<?xml version="1.0" encoding="UTF-8"?>
<testng-results skipped="0" failed="0" ignored="1" total="9" passed="8">
  <reporter-output>
    <line>
      <![CDATA[<a href='C:\Users\sathyamoorthy.p\Eclipse Helios\SAIFramework/PASSEDScreenCapturesPNG/1579845034893.png'> <img src='C:\Users\sathyamoorthy.p\Eclipse Helios\SAIFramework/PASSEDScreenCapturesPNG/1579845034893.png' height='100' width='100'/> </a>]]>
    </line>
    <line>
      <![CDATA[<a href='C:\Users\sathyamoorthy.p\Eclipse Helios\SAIFramework/PASSEDScreenCapturesPNG/1579845057541.png'> <img src='C:\Users\sathyamoorthy.p\Eclipse Helios\SAIFramework/PASSEDScreenCapturesPNG/1579845057541.png' height='100' width='100'/> </a>]]>
    </line>
    <line>
      <![CDATA[<a href='C:\Users\sathyamoorthy.p\Eclipse Helios\SAIFramework/PASSEDScreenCapturesPNG/1579845072349.png'> <img src='C:\Users\sathyamoorthy.p\Eclipse Helios\SAIFramework/PASSEDScreenCapturesPNG/1579845072349.png' height='100' width='100'/> </a>]]>
    </line>
    <line>
      <![CDATA[<a href='C:\Users\sathyamoorthy.p\Eclipse Helios\SAIFramework/PASSEDScreenCapturesPNG/1579845078885.png'> <img src='C:\Users\sathyamoorthy.p\Eclipse Helios\SAIFramework/PASSEDScreenCapturesPNG/1579845078885.png' height='100' width='100'/> </a>]]>
    </line>
    <line>
      <![CDATA[<a href='C:\Users\sathyamoorthy.p\Eclipse Helios\SAIFramework/PASSEDScreenCapturesPNG/1579845081115.png'> <img src='C:\Users\sathyamoorthy.p\Eclipse Helios\SAIFramework/PASSEDScreenCapturesPNG/1579845081115.png' height='100' width='100'/> </a>]]>
    </line>
    <line>
      <![CDATA[<a href='C:\Users\sathyamoorthy.p\Eclipse Helios\SAIFramework/PASSEDScreenCapturesPNG/1579845082746.png'> <img src='C:\Users\sathyamoorthy.p\Eclipse Helios\SAIFramework/PASSEDScreenCapturesPNG/1579845082746.png' height='100' width='100'/> </a>]]>
    </line>
    <line>
      <![CDATA[<a href='C:\Users\sathyamoorthy.p\Eclipse Helios\SAIFramework/PASSEDScreenCapturesPNG/1579845086054.png'> <img src='C:\Users\sathyamoorthy.p\Eclipse Helios\SAIFramework/PASSEDScreenCapturesPNG/1579845086054.png' height='100' width='100'/> </a>]]>
    </line>
    <line>
      <![CDATA[<a href='C:\Users\sathyamoorthy.p\Eclipse Helios\SAIFramework/PASSEDScreenCapturesPNG/1579845103531.png'> <img src='C:\Users\sathyamoorthy.p\Eclipse Helios\SAIFramework/PASSEDScreenCapturesPNG/1579845103531.png' height='100' width='100'/> </a>]]>
    </line>
  </reporter-output>
  <suite name="TestingSuite" duration-ms="94597" started-at="2020-01-24T11:20:08 IST" finished-at="2020-01-24T11:21:43 IST">
    <groups>
      <group name="Functional testing">
        <method signature="Logintestrun.Testing()[pri:1, instance:testrunner.Logintestrun@68bbe345]" name="Testing" class="testrunner.Logintestrun"/>
        <method signature="Logintestrun.naviagate()[pri:2, instance:testrunner.Logintestrun@68bbe345]" name="naviagate" class="testrunner.Logintestrun"/>
        <method signature="Amazongoogletestrun.movetothenextpagecreateaccount()[pri:3, instance:testrunner.Amazongoogletestrun@5f282abb]" name="movetothenextpagecreateaccount" class="testrunner.Amazongoogletestrun"/>
        <method signature="Amazongoogletestrun.signinbuttonclick()[pri:2, instance:testrunner.Amazongoogletestrun@5f282abb]" name="signinbuttonclick" class="testrunner.Amazongoogletestrun"/>
        <method signature="Amazongoogletestrun.verifyfirstline()[pri:1, instance:testrunner.Amazongoogletestrun@5f282abb]" name="verifyfirstline" class="testrunner.Amazongoogletestrun"/>
        <method signature="Logincredentialtestrun.amazonregtitleverify()[pri:0, instance:testrunner.Logincredentialtestrun@2781e022]" name="amazonregtitleverify" class="testrunner.Logincredentialtestrun"/>
        <method signature="Logincredentialtestrun.dateselection()[pri:2, instance:testrunner.Logincredentialtestrun@2781e022]" name="dateselection" class="testrunner.Logincredentialtestrun"/>
        <method signature="Logincredentialtestrun.enterthename(java.lang.String, java.lang.String, java.lang.String)[pri:1, instance:testrunner.Logincredentialtestrun@2781e022]" name="enterthename" class="testrunner.Logincredentialtestrun"/>
      </group> <!-- Functional testing -->
      <group name="Regression testing">
        <method signature="Logintestrun.Testing()[pri:1, instance:testrunner.Logintestrun@68bbe345]" name="Testing" class="testrunner.Logintestrun"/>
        <method signature="Logintestrun.naviagate()[pri:2, instance:testrunner.Logintestrun@68bbe345]" name="naviagate" class="testrunner.Logintestrun"/>
        <method signature="Amazongoogletestrun.movetothenextpagecreateaccount()[pri:3, instance:testrunner.Amazongoogletestrun@5f282abb]" name="movetothenextpagecreateaccount" class="testrunner.Amazongoogletestrun"/>
        <method signature="Amazongoogletestrun.signinbuttonclick()[pri:2, instance:testrunner.Amazongoogletestrun@5f282abb]" name="signinbuttonclick" class="testrunner.Amazongoogletestrun"/>
        <method signature="Amazongoogletestrun.verifyfirstline()[pri:1, instance:testrunner.Amazongoogletestrun@5f282abb]" name="verifyfirstline" class="testrunner.Amazongoogletestrun"/>
        <method signature="Logincredentialtestrun.amazonregtitleverify()[pri:0, instance:testrunner.Logincredentialtestrun@2781e022]" name="amazonregtitleverify" class="testrunner.Logincredentialtestrun"/>
      </group> <!-- Regression testing -->
      <group name="Smoke testing">
        <method signature="Logintestrun.Testing()[pri:1, instance:testrunner.Logintestrun@68bbe345]" name="Testing" class="testrunner.Logintestrun"/>
        <method signature="Logintestrun.naviagate()[pri:2, instance:testrunner.Logintestrun@68bbe345]" name="naviagate" class="testrunner.Logintestrun"/>
        <method signature="Amazongoogletestrun.movetothenextpagecreateaccount()[pri:3, instance:testrunner.Amazongoogletestrun@5f282abb]" name="movetothenextpagecreateaccount" class="testrunner.Amazongoogletestrun"/>
        <method signature="Amazongoogletestrun.signinbuttonclick()[pri:2, instance:testrunner.Amazongoogletestrun@5f282abb]" name="signinbuttonclick" class="testrunner.Amazongoogletestrun"/>
        <method signature="Amazongoogletestrun.verifyfirstline()[pri:1, instance:testrunner.Amazongoogletestrun@5f282abb]" name="verifyfirstline" class="testrunner.Amazongoogletestrun"/>
        <method signature="Logincredentialtestrun.amazonregtitleverify()[pri:0, instance:testrunner.Logincredentialtestrun@2781e022]" name="amazonregtitleverify" class="testrunner.Logincredentialtestrun"/>
        <method signature="Logincredentialtestrun.dateselection()[pri:2, instance:testrunner.Logincredentialtestrun@2781e022]" name="dateselection" class="testrunner.Logincredentialtestrun"/>
        <method signature="Logincredentialtestrun.enterthename(java.lang.String, java.lang.String, java.lang.String)[pri:1, instance:testrunner.Logincredentialtestrun@2781e022]" name="enterthename" class="testrunner.Logincredentialtestrun"/>
      </group> <!-- Smoke testing -->
    </groups>
    <test name="Logintest" duration-ms="50950" started-at="2020-01-24T11:20:08 IST" finished-at="2020-01-24T11:20:59 IST">
      <class name="testrunner.Logintestrun">
        <test-method status="PASS" signature="Testing()[pri:1, instance:testrunner.Logintestrun@68bbe345]" name="Testing" duration-ms="15299" started-at="2020-01-24T11:20:09 IST" description="Title verify" finished-at="2020-01-24T11:20:24 IST">
          <reporter-output>
            <line>
              <![CDATA[<a href='C:\Users\sathyamoorthy.p\Eclipse Helios\SAIFramework/PASSEDScreenCapturesPNG/1579845034893.png'> <img src='C:\Users\sathyamoorthy.p\Eclipse Helios\SAIFramework/PASSEDScreenCapturesPNG/1579845034893.png' height='100' width='100'/> </a>]]>
            </line>
          </reporter-output>
        </test-method> <!-- Testing -->
        <test-method status="PASS" signature="naviagate()[pri:2, instance:testrunner.Logintestrun@68bbe345]" name="naviagate" duration-ms="9201" started-at="2020-01-24T11:20:36 IST" description="Navigate to next page" finished-at="2020-01-24T11:20:45 IST">
          <reporter-output>
            <line>
              <![CDATA[<a href='C:\Users\sathyamoorthy.p\Eclipse Helios\SAIFramework/PASSEDScreenCapturesPNG/1579845057541.png'> <img src='C:\Users\sathyamoorthy.p\Eclipse Helios\SAIFramework/PASSEDScreenCapturesPNG/1579845057541.png' height='100' width='100'/> </a>]]>
            </line>
          </reporter-output>
        </test-method> <!-- naviagate -->
      </class> <!-- testrunner.Logintestrun -->
    </test> <!-- Logintest -->
    <test name="Amazongoogletest" duration-ms="20683" started-at="2020-01-24T11:21:00 IST" finished-at="2020-01-24T11:21:21 IST">
      <class name="testrunner.Amazongoogletestrun">
        <test-method status="PASS" signature="verifyfirstline()[pri:1, instance:testrunner.Amazongoogletestrun@5f282abb]" name="verifyfirstline" duration-ms="563" started-at="2020-01-24T11:21:00 IST" description="verify the textingline present" finished-at="2020-01-24T11:21:01 IST">
          <reporter-output>
            <line>
              <![CDATA[<a href='C:\Users\sathyamoorthy.p\Eclipse Helios\SAIFramework/PASSEDScreenCapturesPNG/1579845072349.png'> <img src='C:\Users\sathyamoorthy.p\Eclipse Helios\SAIFramework/PASSEDScreenCapturesPNG/1579845072349.png' height='100' width='100'/> </a>]]>
            </line>
          </reporter-output>
        </test-method> <!-- verifyfirstline -->
        <test-method status="PASS" signature="signinbuttonclick()[pri:2, instance:testrunner.Amazongoogletestrun@5f282abb]" name="signinbuttonclick" duration-ms="3321" started-at="2020-01-24T11:21:14 IST" description="click the signin button" finished-at="2020-01-24T11:21:18 IST">
          <reporter-output>
            <line>
              <![CDATA[<a href='C:\Users\sathyamoorthy.p\Eclipse Helios\SAIFramework/PASSEDScreenCapturesPNG/1579845078885.png'> <img src='C:\Users\sathyamoorthy.p\Eclipse Helios\SAIFramework/PASSEDScreenCapturesPNG/1579845078885.png' height='100' width='100'/> </a>]]>
            </line>
          </reporter-output>
        </test-method> <!-- signinbuttonclick -->
        <test-method status="PASS" signature="movetothenextpagecreateaccount()[pri:3, instance:testrunner.Amazongoogletestrun@5f282abb]" name="movetothenextpagecreateaccount" duration-ms="751" started-at="2020-01-24T11:21:18 IST" description="Navigate to the next page create account" finished-at="2020-01-24T11:21:19 IST">
          <reporter-output>
            <line>
              <![CDATA[<a href='C:\Users\sathyamoorthy.p\Eclipse Helios\SAIFramework/PASSEDScreenCapturesPNG/1579845081115.png'> <img src='C:\Users\sathyamoorthy.p\Eclipse Helios\SAIFramework/PASSEDScreenCapturesPNG/1579845081115.png' height='100' width='100'/> </a>]]>
            </line>
          </reporter-output>
        </test-method> <!-- movetothenextpagecreateaccount -->
      </class> <!-- testrunner.Amazongoogletestrun -->
    </test> <!-- Amazongoogletest -->
    <test name="Logincredentialtest" duration-ms="22305" started-at="2020-01-24T11:21:21 IST" finished-at="2020-01-24T11:21:43 IST">
      <class name="testrunner.Logincredentialtestrun">
        <test-method status="PASS" signature="amazonregtitleverify()[pri:0, instance:testrunner.Logincredentialtestrun@2781e022]" name="amazonregtitleverify" duration-ms="126" started-at="2020-01-24T11:21:21 IST" finished-at="2020-01-24T11:21:21 IST">
          <reporter-output>
            <line>
              <![CDATA[<a href='C:\Users\sathyamoorthy.p\Eclipse Helios\SAIFramework/PASSEDScreenCapturesPNG/1579845082746.png'> <img src='C:\Users\sathyamoorthy.p\Eclipse Helios\SAIFramework/PASSEDScreenCapturesPNG/1579845082746.png' height='100' width='100'/> </a>]]>
            </line>
          </reporter-output>
        </test-method> <!-- amazonregtitleverify -->
        <test-method status="PASS" signature="enterthename(java.lang.String, java.lang.String, java.lang.String)[pri:1, instance:testrunner.Logincredentialtestrun@2781e022]" name="enterthename" duration-ms="231" started-at="2020-01-24T11:21:24 IST" data-provider="inputdata" finished-at="2020-01-24T11:21:24 IST">
          <params>
            <param index="0">
              <value>
                <![CDATA[sathyamoorthy]]>
              </value>
            </param>
            <param index="1">
              <value>
                <![CDATA[9894571625]]>
              </value>
            </param>
            <param index="2">
              <value>
                <![CDATA[sathya1983.moorthy@gmail.com]]>
              </value>
            </param>
          </params>
          <reporter-output>
            <line>
              <![CDATA[<a href='C:\Users\sathyamoorthy.p\Eclipse Helios\SAIFramework/PASSEDScreenCapturesPNG/1579845086054.png'> <img src='C:\Users\sathyamoorthy.p\Eclipse Helios\SAIFramework/PASSEDScreenCapturesPNG/1579845086054.png' height='100' width='100'/> </a>]]>
            </line>
          </reporter-output>
        </test-method> <!-- enterthename -->
        <test-method status="PASS" signature="dateselection()[pri:2, instance:testrunner.Logincredentialtestrun@2781e022]" name="dateselection" duration-ms="16489" started-at="2020-01-24T11:21:26 IST" finished-at="2020-01-24T11:21:42 IST">
          <reporter-output>
            <line>
              <![CDATA[<a href='C:\Users\sathyamoorthy.p\Eclipse Helios\SAIFramework/PASSEDScreenCapturesPNG/1579845103531.png'> <img src='C:\Users\sathyamoorthy.p\Eclipse Helios\SAIFramework/PASSEDScreenCapturesPNG/1579845103531.png' height='100' width='100'/> </a>]]>
            </line>
          </reporter-output>
        </test-method> <!-- dateselection -->
      </class> <!-- testrunner.Logincredentialtestrun -->
    </test> <!-- Logincredentialtest -->
  </suite> <!-- TestingSuite -->
</testng-results>
