<?xml version="1.0" encoding="UTF-8"?>
<testng-results skipped="0" failed="1" total="4" passed="3">
  <reporter-output>
    <line>
      <![CDATA[<td><a href='C:\Users\sathyamoorthy.p\Eclipse Helios\SAIFramework/PASSEDScreenCapturesPNG/1582796902860.png'> <img src='C:\Users\sathyamoorthy.p\Eclipse Helios\SAIFramework/PASSEDScreenCapturesPNG/1582796902860.png' height='100' width='100'/> </a></td>]]>
    </line>
    <line>
      <![CDATA[<td><a href='C:\Users\sathyamoorthy.p\Eclipse Helios\SAIFramework/PASSEDScreenCapturesPNG/1582796920771.png'> <img src='C:\Users\sathyamoorthy.p\Eclipse Helios\SAIFramework/PASSEDScreenCapturesPNG/1582796920771.png' height='100' width='100'/> </a></td>]]>
    </line>
    <line>
      <![CDATA[<td><a href='C:\Users\sathyamoorthy.p\Eclipse Helios\SAIFramework/PASSEDScreenCapturesPNG/1582796930238.png'> <img src='C:\Users\sathyamoorthy.p\Eclipse Helios\SAIFramework/PASSEDScreenCapturesPNG/1582796930238.png' height='100' width='100'/> </a></td>]]>
    </line>
    <line>
      <![CDATA[<td><a href='C:\Users\sathyamoorthy.p\Eclipse Helios\SAIFramework/PASSEDScreenCapturesPNG/1582796944821.png'> <img src='C:\Users\sathyamoorthy.p\Eclipse Helios\SAIFramework/PASSEDScreenCapturesPNG/1582796944821.png' height='100' width='100'/> </a></td>]]>
    </line>
  </reporter-output>
  <suite name="TestingSuite" duration-ms="78303" started-at="2020-02-27T09:47:54Z" finished-at="2020-02-27T09:49:12Z">
    <groups>
      <group name="Functional testing">
        <method signature="Logintestrun.Testing()[pri:0, instance:testrunner.Logintestrun@1f021e6c]" name="Testing" class="testrunner.Logintestrun"/>
        <method signature="Logintestrun.naviagate(java.lang.String)[pri:0, instance:testrunner.Logintestrun@1f021e6c]" name="naviagate" class="testrunner.Logintestrun"/>
        <method signature="Amazongoogletestrun.movetothenextpagecreateaccount()[pri:0, instance:testrunner.Amazongoogletestrun@44f75083]" name="movetothenextpagecreateaccount" class="testrunner.Amazongoogletestrun"/>
        <method signature="Amazongoogletestrun.signinbuttonclick()[pri:0, instance:testrunner.Amazongoogletestrun@44f75083]" name="signinbuttonclick" class="testrunner.Amazongoogletestrun"/>
        <method signature="Amazongoogletestrun.verifyfirstlineee()[pri:0, instance:testrunner.Amazongoogletestrun@44f75083]" name="verifyfirstlineee" class="testrunner.Amazongoogletestrun"/>
        <method signature="Logincredentialtestrun.amazonregtitleverify()[pri:0, instance:testrunner.Logincredentialtestrun@48a242ce]" name="amazonregtitleverify" class="testrunner.Logincredentialtestrun"/>
        <method signature="Logincredentialtestrun.dateselection()[pri:0, instance:testrunner.Logincredentialtestrun@48a242ce]" name="dateselection" class="testrunner.Logincredentialtestrun"/>
        <method signature="Logincredentialtestrun.enterthename(java.lang.String, java.lang.String, java.lang.String)[pri:0, instance:testrunner.Logincredentialtestrun@48a242ce]" name="enterthename" class="testrunner.Logincredentialtestrun"/>
        <method signature="Logincredentialtestrun.getthetitle()[pri:0, instance:testrunner.Logincredentialtestrun@48a242ce]" name="getthetitle" class="testrunner.Logincredentialtestrun"/>
      </group> <!-- Functional testing -->
      <group name="Smoke testing">
        <method signature="Logintestrun.Testing()[pri:0, instance:testrunner.Logintestrun@1f021e6c]" name="Testing" class="testrunner.Logintestrun"/>
        <method signature="Logintestrun.naviagate(java.lang.String)[pri:0, instance:testrunner.Logintestrun@1f021e6c]" name="naviagate" class="testrunner.Logintestrun"/>
        <method signature="Amazongoogletestrun.movetothenextpagecreateaccount()[pri:0, instance:testrunner.Amazongoogletestrun@44f75083]" name="movetothenextpagecreateaccount" class="testrunner.Amazongoogletestrun"/>
        <method signature="Amazongoogletestrun.signinbuttonclick()[pri:0, instance:testrunner.Amazongoogletestrun@44f75083]" name="signinbuttonclick" class="testrunner.Amazongoogletestrun"/>
        <method signature="Amazongoogletestrun.verifyfirstlineee()[pri:0, instance:testrunner.Amazongoogletestrun@44f75083]" name="verifyfirstlineee" class="testrunner.Amazongoogletestrun"/>
        <method signature="Logincredentialtestrun.amazonregtitleverify()[pri:0, instance:testrunner.Logincredentialtestrun@48a242ce]" name="amazonregtitleverify" class="testrunner.Logincredentialtestrun"/>
        <method signature="Logincredentialtestrun.dateselection()[pri:0, instance:testrunner.Logincredentialtestrun@48a242ce]" name="dateselection" class="testrunner.Logincredentialtestrun"/>
        <method signature="Logincredentialtestrun.enterthename(java.lang.String, java.lang.String, java.lang.String)[pri:0, instance:testrunner.Logincredentialtestrun@48a242ce]" name="enterthename" class="testrunner.Logincredentialtestrun"/>
        <method signature="Logincredentialtestrun.getthetitle()[pri:0, instance:testrunner.Logincredentialtestrun@48a242ce]" name="getthetitle" class="testrunner.Logincredentialtestrun"/>
      </group> <!-- Smoke testing -->
      <group name="Regression testing">
        <method signature="Logintestrun.Testing()[pri:0, instance:testrunner.Logintestrun@1f021e6c]" name="Testing" class="testrunner.Logintestrun"/>
        <method signature="Logintestrun.naviagate(java.lang.String)[pri:0, instance:testrunner.Logintestrun@1f021e6c]" name="naviagate" class="testrunner.Logintestrun"/>
        <method signature="Amazongoogletestrun.movetothenextpagecreateaccount()[pri:0, instance:testrunner.Amazongoogletestrun@44f75083]" name="movetothenextpagecreateaccount" class="testrunner.Amazongoogletestrun"/>
        <method signature="Amazongoogletestrun.signinbuttonclick()[pri:0, instance:testrunner.Amazongoogletestrun@44f75083]" name="signinbuttonclick" class="testrunner.Amazongoogletestrun"/>
        <method signature="Amazongoogletestrun.verifyfirstlineee()[pri:0, instance:testrunner.Amazongoogletestrun@44f75083]" name="verifyfirstlineee" class="testrunner.Amazongoogletestrun"/>
        <method signature="Logincredentialtestrun.amazonregtitleverify()[pri:0, instance:testrunner.Logincredentialtestrun@48a242ce]" name="amazonregtitleverify" class="testrunner.Logincredentialtestrun"/>
      </group> <!-- Regression testing -->
    </groups>
    <test name="Logintest" duration-ms="47542" started-at="2020-02-27T09:47:54Z" finished-at="2020-02-27T09:48:42Z">
      <class name="testrunner.Logintestrun">
        <test-method status="PASS" signature="Testing()[pri:0, instance:testrunner.Logintestrun@1f021e6c]" name="Testing" duration-ms="16140" started-at="2020-02-27T15:17:54Z" description="Title verify" finished-at="2020-02-27T15:18:10Z">
          <reporter-output>
            <line>
              <![CDATA[<td><a href='C:\Users\sathyamoorthy.p\Eclipse Helios\SAIFramework/PASSEDScreenCapturesPNG/1582796902860.png'> <img src='C:\Users\sathyamoorthy.p\Eclipse Helios\SAIFramework/PASSEDScreenCapturesPNG/1582796902860.png' height='100' width='100'/> </a></td>]]>
            </line>
          </reporter-output>
        </test-method> <!-- Testing -->
        <test-method status="PASS" signature="naviagate(java.lang.String)[pri:0, instance:testrunner.Logintestrun@1f021e6c]" name="naviagate" duration-ms="6125" started-at="2020-02-27T15:18:26Z" description="Navigate to next page" data-provider="Fruitnames" finished-at="2020-02-27T15:18:32Z">
          <params>
            <param index="0">
              <value>
                <![CDATA[apple]]>
              </value>
            </param>
          </params>
          <reporter-output>
            <line>
              <![CDATA[<td><a href='C:\Users\sathyamoorthy.p\Eclipse Helios\SAIFramework/PASSEDScreenCapturesPNG/1582796920771.png'> <img src='C:\Users\sathyamoorthy.p\Eclipse Helios\SAIFramework/PASSEDScreenCapturesPNG/1582796920771.png' height='100' width='100'/> </a></td>]]>
            </line>
          </reporter-output>
        </test-method> <!-- naviagate -->
      </class> <!-- testrunner.Logintestrun -->
    </test> <!-- Logintest -->
    <test name="Amazongoogletest" duration-ms="30581" started-at="2020-02-27T09:48:42Z" finished-at="2020-02-27T09:49:12Z">
      <class name="testrunner.Amazongoogletestrun">
        <test-method status="PASS" signature="verifyfirstlineee()[pri:0, instance:testrunner.Amazongoogletestrun@44f75083]" name="verifyfirstlineee" duration-ms="556" started-at="2020-02-27T15:18:42Z" description="verify the textingline present" finished-at="2020-02-27T15:18:42Z">
          <reporter-output>
            <line>
              <![CDATA[<td><a href='C:\Users\sathyamoorthy.p\Eclipse Helios\SAIFramework/PASSEDScreenCapturesPNG/1582796930238.png'> <img src='C:\Users\sathyamoorthy.p\Eclipse Helios\SAIFramework/PASSEDScreenCapturesPNG/1582796930238.png' height='100' width='100'/> </a></td>]]>
            </line>
          </reporter-output>
        </test-method> <!-- verifyfirstlineee -->
        <test-method status="FAIL" signature="signinbuttonclick()[pri:0, instance:testrunner.Amazongoogletestrun@44f75083]" name="signinbuttonclick" duration-ms="12389" started-at="2020-02-27T15:18:51Z" description="click the signin button" finished-at="2020-02-27T15:19:04Z">
          <exception class="org.openqa.selenium.NoSuchElementException">
            <message>
              <![CDATA[Unable to locate element: /html/body/div[1]/header/div/div[1]/div[4]/div[3]/div[2]/div/div[1]/div/a/span
For documentation on this error, please visit: https://www.seleniumhq.org/exceptions/no_such_element.html
Build info: version: '3.141.59', revision: 'e82be7d358', time: '2018-11-14T08:25:48'
System info: host: 'LE000539', ip: '172.25.11.66', os.name: 'Windows 10', os.arch: 'amd64', os.version: '10.0', java.version: '1.8.0_111'
Driver info: org.openqa.selenium.firefox.FirefoxDriver
Capabilities {acceptInsecureCerts: true, browserName: firefox, browserVersion: 73.0.1, javascriptEnabled: true, moz:accessibilityChecks: false, moz:buildID: 20200217142647, moz:geckodriverVersion: 0.26.0, moz:headless: false, moz:processID: 8356, moz:profile: C:\Users\sathyamoorthy.p\Ap..., moz:shutdownTimeout: 60000, moz:useNonSpecCompliantPointerOrigin: false, moz:webdriverClick: true, pageLoadStrategy: normal, platform: WINDOWS, platformName: WINDOWS, platformVersion: 10.0, rotatable: false, setWindowRect: true, strictFileInteractability: false, timeouts: {implicit: 0, pageLoad: 300000, script: 30000}, unhandledPromptBehavior: dismiss and notify}
Session ID: 3bbce57b-9ba8-460f-9ff0-f0b25c5cd616
*** Element info: {Using=xpath, value=/html/body/div[1]/header/div/div[1]/div[4]/div[3]/div[2]/div/div[1]/div/a/span}]]>
            </message>
            <full-stacktrace>
              <![CDATA[org.openqa.selenium.NoSuchElementException: Unable to locate element: /html/body/div[1]/header/div/div[1]/div[4]/div[3]/div[2]/div/div[1]/div/a/span
For documentation on this error, please visit: https://www.seleniumhq.org/exceptions/no_such_element.html
Build info: version: '3.141.59', revision: 'e82be7d358', time: '2018-11-14T08:25:48'
System info: host: 'LE000539', ip: '172.25.11.66', os.name: 'Windows 10', os.arch: 'amd64', os.version: '10.0', java.version: '1.8.0_111'
Driver info: org.openqa.selenium.firefox.FirefoxDriver
Capabilities {acceptInsecureCerts: true, browserName: firefox, browserVersion: 73.0.1, javascriptEnabled: true, moz:accessibilityChecks: false, moz:buildID: 20200217142647, moz:geckodriverVersion: 0.26.0, moz:headless: false, moz:processID: 8356, moz:profile: C:\Users\sathyamoorthy.p\Ap..., moz:shutdownTimeout: 60000, moz:useNonSpecCompliantPointerOrigin: false, moz:webdriverClick: true, pageLoadStrategy: normal, platform: WINDOWS, platformName: WINDOWS, platformVersion: 10.0, rotatable: false, setWindowRect: true, strictFileInteractability: false, timeouts: {implicit: 0, pageLoad: 300000, script: 30000}, unhandledPromptBehavior: dismiss and notify}
Session ID: 3bbce57b-9ba8-460f-9ff0-f0b25c5cd616
*** Element info: {Using=xpath, value=/html/body/div[1]/header/div/div[1]/div[4]/div[3]/div[2]/div/div[1]/div/a/span}
	at sun.reflect.NativeConstructorAccessorImpl.newInstance0(Native Method)
	at sun.reflect.NativeConstructorAccessorImpl.newInstance(NativeConstructorAccessorImpl.java:62)
	at sun.reflect.DelegatingConstructorAccessorImpl.newInstance(DelegatingConstructorAccessorImpl.java:45)
	at java.lang.reflect.Constructor.newInstance(Constructor.java:423)
	at org.openqa.selenium.remote.http.W3CHttpResponseCodec.createException(W3CHttpResponseCodec.java:187)
	at org.openqa.selenium.remote.http.W3CHttpResponseCodec.decode(W3CHttpResponseCodec.java:122)
	at org.openqa.selenium.remote.http.W3CHttpResponseCodec.decode(W3CHttpResponseCodec.java:49)
	at org.openqa.selenium.remote.HttpCommandExecutor.execute(HttpCommandExecutor.java:158)
	at org.openqa.selenium.remote.service.DriverCommandExecutor.execute(DriverCommandExecutor.java:83)
	at org.openqa.selenium.remote.RemoteWebDriver.execute(RemoteWebDriver.java:552)
	at org.openqa.selenium.remote.RemoteWebDriver.findElement(RemoteWebDriver.java:323)
	at org.openqa.selenium.remote.RemoteWebDriver.findElementByXPath(RemoteWebDriver.java:428)
	at org.openqa.selenium.By$ByXPath.findElement(By.java:353)
	at org.openqa.selenium.remote.RemoteWebDriver.findElement(RemoteWebDriver.java:315)
	at pageobjects.Amazonanotherpage.signin_button_click(Amazonanotherpage.java:39)
	at testrunner.Amazongoogletestrun.signinbuttonclick(Amazongoogletestrun.java:37)
	at sun.reflect.NativeMethodAccessorImpl.invoke0(Native Method)
	at sun.reflect.NativeMethodAccessorImpl.invoke(NativeMethodAccessorImpl.java:62)
	at sun.reflect.DelegatingMethodAccessorImpl.invoke(DelegatingMethodAccessorImpl.java:43)
	at java.lang.reflect.Method.invoke(Method.java:498)
	at org.testng.internal.MethodInvocationHelper.invokeMethod(MethodInvocationHelper.java:84)
	at org.testng.internal.Invoker.invokeMethod(Invoker.java:714)
	at org.testng.internal.Invoker.invokeTestMethod(Invoker.java:901)
	at org.testng.internal.Invoker.invokeTestMethods(Invoker.java:1231)
	at org.testng.internal.TestMethodWorker.invokeTestMethods(TestMethodWorker.java:127)
	at org.testng.internal.TestMethodWorker.run(TestMethodWorker.java:111)
	at java.util.concurrent.ThreadPoolExecutor.runWorker(ThreadPoolExecutor.java:1142)
	at java.util.concurrent.ThreadPoolExecutor$Worker.run(ThreadPoolExecutor.java:617)
	at java.lang.Thread.run(Thread.java:745)
]]>
            </full-stacktrace>
          </exception> <!-- org.openqa.selenium.NoSuchElementException -->
          <reporter-output>
            <line>
              <![CDATA[<td><a href='C:\Users\sathyamoorthy.p\Eclipse Helios\SAIFramework/PASSEDScreenCapturesPNG/1582796944821.png'> <img src='C:\Users\sathyamoorthy.p\Eclipse Helios\SAIFramework/PASSEDScreenCapturesPNG/1582796944821.png' height='100' width='100'/> </a></td>]]>
            </line>
          </reporter-output>
        </test-method> <!-- signinbuttonclick -->
      </class> <!-- testrunner.Amazongoogletestrun -->
    </test> <!-- Amazongoogletest -->
    <test name="Logincredentialtest" duration-ms="117" started-at="2020-02-27T09:49:12Z" finished-at="2020-02-27T09:49:12Z">
    </test> <!-- Logincredentialtest -->
  </suite> <!-- TestingSuite -->
</testng-results>
