<?xml version="1.0" encoding="UTF-8"?>
<testng-results skipped="0" failed="1" ignored="0" retried="1" total="10" passed="8">
  <reporter-output>
    <line>
      <![CDATA[<a href='C:\Users\sathyamoorthy.p\Eclipse Helios\SAIFramework\PASSEDScreenCapturesPNG\1583912593007.png'> <img src='C:\Users\sathyamoorthy.p\Eclipse Helios\SAIFramework\PASSEDScreenCapturesPNG\1583912593007.png' height='100' width='100'/> </a>]]>
    </line>
    <line>
      <![CDATA[<a href='C:\Users\sathyamoorthy.p\Eclipse Helios\SAIFramework\PASSEDScreenCapturesPNG\1583912609865.png'> <img src='C:\Users\sathyamoorthy.p\Eclipse Helios\SAIFramework\PASSEDScreenCapturesPNG\1583912609865.png' height='100' width='100'/> </a>]]>
    </line>
    <line>
      <![CDATA[<a href='C:\Users\sathyamoorthy.p\Eclipse Helios\SAIFramework\PASSEDScreenCapturesPNG\1583912618217.png'> <img src='C:\Users\sathyamoorthy.p\Eclipse Helios\SAIFramework\PASSEDScreenCapturesPNG\1583912618217.png' height='100' width='100'/> </a>]]>
    </line>
    <line>
      <![CDATA[<a href='C:\Users\sathyamoorthy.p\Eclipse Helios\SAIFramework\PASSEDScreenCapturesPNG\1583912642392.png'> <img src='C:\Users\sathyamoorthy.p\Eclipse Helios\SAIFramework\PASSEDScreenCapturesPNG\1583912642392.png' height='100' width='100'/> </a>]]>
    </line>
    <line>
      <![CDATA[<a href='C:\Users\sathyamoorthy.p\Eclipse Helios\SAIFramework\PASSEDScreenCapturesPNG\1583912644533.png'> <img src='C:\Users\sathyamoorthy.p\Eclipse Helios\SAIFramework\PASSEDScreenCapturesPNG\1583912644533.png' height='100' width='100'/> </a>]]>
    </line>
    <line>
      <![CDATA[<a href='C:\Users\sathyamoorthy.p\Eclipse Helios\SAIFramework\PASSEDScreenCapturesPNG\1583912646171.png'> <img src='C:\Users\sathyamoorthy.p\Eclipse Helios\SAIFramework\PASSEDScreenCapturesPNG\1583912646171.png' height='100' width='100'/> </a>]]>
    </line>
    <line>
      <![CDATA[<a href='C:\Users\sathyamoorthy.p\Eclipse Helios\SAIFramework\PASSEDScreenCapturesPNG\1583912648126.png'> <img src='C:\Users\sathyamoorthy.p\Eclipse Helios\SAIFramework\PASSEDScreenCapturesPNG\1583912648126.png' height='100' width='100'/> </a>]]>
    </line>
    <line>
      <![CDATA[<a href='C:\Users\sathyamoorthy.p\Eclipse Helios\SAIFramework\PASSEDScreenCapturesPNG\1583912664318.png'> <img src='C:\Users\sathyamoorthy.p\Eclipse Helios\SAIFramework\PASSEDScreenCapturesPNG\1583912664318.png' height='100' width='100'/> </a>]]>
    </line>
    <line>
      <![CDATA[<a href='C:\Users\sathyamoorthy.p\Eclipse Helios\SAIFramework\PASSEDScreenCapturesPNG\1583912665290.png'> <img src='C:\Users\sathyamoorthy.p\Eclipse Helios\SAIFramework\PASSEDScreenCapturesPNG\1583912665290.png' height='100' width='100'/> </a>]]>
    </line>
  </reporter-output>
  <suite name="TestingSuite" duration-ms="104530" started-at="2020-03-11T13:12:40 IST" finished-at="2020-03-11T13:14:25 IST">
    <groups>
      <group name="Functional testing">
        <method signature="Logintestrun.Testing()[pri:1, instance:testrunner.Logintestrun@9660f4e]" name="Testing" class="testrunner.Logintestrun"/>
        <method signature="Logintestrun.naviagate(java.lang.String)[pri:2, instance:testrunner.Logintestrun@9660f4e]" name="naviagate" class="testrunner.Logintestrun"/>
        <method signature="Amazongoogletestrun.movetothenextpagecreateaccount()[pri:3, instance:testrunner.Amazongoogletestrun@3b088d51]" name="movetothenextpagecreateaccount" class="testrunner.Amazongoogletestrun"/>
        <method signature="Amazongoogletestrun.signinbuttonclick()[pri:2, instance:testrunner.Amazongoogletestrun@3b088d51]" name="signinbuttonclick" class="testrunner.Amazongoogletestrun"/>
        <method signature="Amazongoogletestrun.verifyfirstlineee()[pri:1, instance:testrunner.Amazongoogletestrun@3b088d51]" name="verifyfirstlineee" class="testrunner.Amazongoogletestrun"/>
        <method signature="Logincredentialtestrun.amazonregtitleverify()[pri:0, instance:testrunner.Logincredentialtestrun@57e1b0c]" name="amazonregtitleverify" class="testrunner.Logincredentialtestrun"/>
        <method signature="Logincredentialtestrun.dateselection()[pri:2, instance:testrunner.Logincredentialtestrun@57e1b0c]" name="dateselection" class="testrunner.Logincredentialtestrun"/>
        <method signature="Logincredentialtestrun.enterthename(java.lang.String, java.lang.String, java.lang.String)[pri:1, instance:testrunner.Logincredentialtestrun@57e1b0c]" name="enterthename" class="testrunner.Logincredentialtestrun"/>
        <method signature="Logincredentialtestrun.getthetitle()[pri:3, instance:testrunner.Logincredentialtestrun@57e1b0c]" name="getthetitle" class="testrunner.Logincredentialtestrun"/>
      </group> <!-- Functional testing -->
      <group name="Regression testing">
        <method signature="Logintestrun.Testing()[pri:1, instance:testrunner.Logintestrun@9660f4e]" name="Testing" class="testrunner.Logintestrun"/>
        <method signature="Logintestrun.naviagate(java.lang.String)[pri:2, instance:testrunner.Logintestrun@9660f4e]" name="naviagate" class="testrunner.Logintestrun"/>
        <method signature="Amazongoogletestrun.movetothenextpagecreateaccount()[pri:3, instance:testrunner.Amazongoogletestrun@3b088d51]" name="movetothenextpagecreateaccount" class="testrunner.Amazongoogletestrun"/>
        <method signature="Amazongoogletestrun.signinbuttonclick()[pri:2, instance:testrunner.Amazongoogletestrun@3b088d51]" name="signinbuttonclick" class="testrunner.Amazongoogletestrun"/>
        <method signature="Amazongoogletestrun.verifyfirstlineee()[pri:1, instance:testrunner.Amazongoogletestrun@3b088d51]" name="verifyfirstlineee" class="testrunner.Amazongoogletestrun"/>
        <method signature="Logincredentialtestrun.amazonregtitleverify()[pri:0, instance:testrunner.Logincredentialtestrun@57e1b0c]" name="amazonregtitleverify" class="testrunner.Logincredentialtestrun"/>
      </group> <!-- Regression testing -->
      <group name="Smoke testing">
        <method signature="Logintestrun.Testing()[pri:1, instance:testrunner.Logintestrun@9660f4e]" name="Testing" class="testrunner.Logintestrun"/>
        <method signature="Logintestrun.naviagate(java.lang.String)[pri:2, instance:testrunner.Logintestrun@9660f4e]" name="naviagate" class="testrunner.Logintestrun"/>
        <method signature="Amazongoogletestrun.movetothenextpagecreateaccount()[pri:3, instance:testrunner.Amazongoogletestrun@3b088d51]" name="movetothenextpagecreateaccount" class="testrunner.Amazongoogletestrun"/>
        <method signature="Amazongoogletestrun.signinbuttonclick()[pri:2, instance:testrunner.Amazongoogletestrun@3b088d51]" name="signinbuttonclick" class="testrunner.Amazongoogletestrun"/>
        <method signature="Amazongoogletestrun.verifyfirstlineee()[pri:1, instance:testrunner.Amazongoogletestrun@3b088d51]" name="verifyfirstlineee" class="testrunner.Amazongoogletestrun"/>
        <method signature="Logincredentialtestrun.amazonregtitleverify()[pri:0, instance:testrunner.Logincredentialtestrun@57e1b0c]" name="amazonregtitleverify" class="testrunner.Logincredentialtestrun"/>
        <method signature="Logincredentialtestrun.dateselection()[pri:2, instance:testrunner.Logincredentialtestrun@57e1b0c]" name="dateselection" class="testrunner.Logincredentialtestrun"/>
        <method signature="Logincredentialtestrun.enterthename(java.lang.String, java.lang.String, java.lang.String)[pri:1, instance:testrunner.Logincredentialtestrun@57e1b0c]" name="enterthename" class="testrunner.Logincredentialtestrun"/>
        <method signature="Logincredentialtestrun.getthetitle()[pri:3, instance:testrunner.Logincredentialtestrun@57e1b0c]" name="getthetitle" class="testrunner.Logincredentialtestrun"/>
      </group> <!-- Smoke testing -->
    </groups>
    <test name="Logintest" duration-ms="50321" started-at="2020-03-11T13:12:40 IST" finished-at="2020-03-11T13:13:31 IST">
      <class name="testrunner.Logintestrun">
        <test-method status="PASS" signature="Testing()[pri:1, instance:testrunner.Logintestrun@9660f4e]" name="Testing" duration-ms="19849" started-at="2020-03-11T13:12:40 IST" description="Title verify" finished-at="2020-03-11T13:13:00 IST">
          <reporter-output>
            <line>
              <![CDATA[<a href='C:\Users\sathyamoorthy.p\Eclipse Helios\SAIFramework\PASSEDScreenCapturesPNG\1583912593007.png'> <img src='C:\Users\sathyamoorthy.p\Eclipse Helios\SAIFramework\PASSEDScreenCapturesPNG\1583912593007.png' height='100' width='100'/> </a>]]>
            </line>
          </reporter-output>
        </test-method> <!-- Testing -->
        <test-method status="PASS" signature="naviagate(java.lang.String)[pri:2, instance:testrunner.Logintestrun@9660f4e]" name="naviagate" duration-ms="6261" started-at="2020-03-11T13:13:16 IST" description="Navigate to next page" data-provider="Fruitnames" finished-at="2020-03-11T13:13:22 IST">
          <params>
            <param index="0">
              <value>
                <![CDATA[apple]]>
              </value>
            </param>
          </params>
          <reporter-output>
            <line>
              <![CDATA[<a href='C:\Users\sathyamoorthy.p\Eclipse Helios\SAIFramework\PASSEDScreenCapturesPNG\1583912609865.png'> <img src='C:\Users\sathyamoorthy.p\Eclipse Helios\SAIFramework\PASSEDScreenCapturesPNG\1583912609865.png' height='100' width='100'/> </a>]]>
            </line>
          </reporter-output>
        </test-method> <!-- naviagate -->
      </class> <!-- testrunner.Logintestrun -->
    </test> <!-- Logintest -->
    <test name="Amazongoogletest" duration-ms="33455" started-at="2020-03-11T13:13:31 IST" finished-at="2020-03-11T13:14:04 IST">
      <class name="testrunner.Amazongoogletestrun">
        <test-method status="PASS" signature="verifyfirstlineee()[pri:1, instance:testrunner.Amazongoogletestrun@3b088d51]" name="verifyfirstlineee" duration-ms="596" started-at="2020-03-11T13:13:31 IST" description="verify the textingline present" finished-at="2020-03-11T13:13:31 IST">
          <reporter-output>
            <line>
              <![CDATA[<a href='C:\Users\sathyamoorthy.p\Eclipse Helios\SAIFramework\PASSEDScreenCapturesPNG\1583912618217.png'> <img src='C:\Users\sathyamoorthy.p\Eclipse Helios\SAIFramework\PASSEDScreenCapturesPNG\1583912618217.png' height='100' width='100'/> </a>]]>
            </line>
          </reporter-output>
        </test-method> <!-- verifyfirstlineee -->
        <test-method status="SKIP" signature="signinbuttonclick()[pri:2, instance:testrunner.Amazongoogletestrun@3b088d51]" name="signinbuttonclick" duration-ms="12019" retried="true" started-at="2020-03-11T13:13:39 IST" description="click the signin button" finished-at="2020-03-11T13:13:51 IST">
          <exception class="org.openqa.selenium.NoSuchElementException">
            <message>
              <![CDATA[Unable to locate element: /html/body/div[1]/header/div/div[1]/div[4]/div[3]/div[2]/div/div[1]/div/a/span
For documentation on this error, please visit: https://www.seleniumhq.org/exceptions/no_such_element.html
Build info: version: '3.141.59', revision: 'e82be7d358', time: '2018-11-14T08:25:48'
System info: host: 'LE000539', ip: '172.25.11.66', os.name: 'Windows 10', os.arch: 'amd64', os.version: '10.0', java.version: '1.8.0_111'
Driver info: org.openqa.selenium.firefox.FirefoxDriver
Capabilities {acceptInsecureCerts: true, browserName: firefox, browserVersion: 74.0, javascriptEnabled: true, moz:accessibilityChecks: false, moz:buildID: 20200309095159, moz:geckodriverVersion: 0.26.0, moz:headless: false, moz:processID: 13668, moz:profile: C:\Users\sathyamoorthy.p\Ap..., moz:shutdownTimeout: 60000, moz:useNonSpecCompliantPointerOrigin: false, moz:webdriverClick: true, pageLoadStrategy: normal, platform: WINDOWS, platformName: WINDOWS, platformVersion: 10.0, rotatable: false, setWindowRect: true, strictFileInteractability: false, timeouts: {implicit: 0, pageLoad: 300000, script: 30000}, unhandledPromptBehavior: dismiss and notify}
Session ID: e1ae5026-3866-4871-ae67-f89a1c65e711
*** Element info: {Using=xpath, value=/html/body/div[1]/header/div/div[1]/div[4]/div[3]/div[2]/div/div[1]/div/a/span}]]>
            </message>
            <full-stacktrace>
              <![CDATA[org.openqa.selenium.NoSuchElementException: Unable to locate element: /html/body/div[1]/header/div/div[1]/div[4]/div[3]/div[2]/div/div[1]/div/a/span
For documentation on this error, please visit: https://www.seleniumhq.org/exceptions/no_such_element.html
Build info: version: '3.141.59', revision: 'e82be7d358', time: '2018-11-14T08:25:48'
System info: host: 'LE000539', ip: '172.25.11.66', os.name: 'Windows 10', os.arch: 'amd64', os.version: '10.0', java.version: '1.8.0_111'
Driver info: org.openqa.selenium.firefox.FirefoxDriver
Capabilities {acceptInsecureCerts: true, browserName: firefox, browserVersion: 74.0, javascriptEnabled: true, moz:accessibilityChecks: false, moz:buildID: 20200309095159, moz:geckodriverVersion: 0.26.0, moz:headless: false, moz:processID: 13668, moz:profile: C:\Users\sathyamoorthy.p\Ap..., moz:shutdownTimeout: 60000, moz:useNonSpecCompliantPointerOrigin: false, moz:webdriverClick: true, pageLoadStrategy: normal, platform: WINDOWS, platformName: WINDOWS, platformVersion: 10.0, rotatable: false, setWindowRect: true, strictFileInteractability: false, timeouts: {implicit: 0, pageLoad: 300000, script: 30000}, unhandledPromptBehavior: dismiss and notify}
Session ID: e1ae5026-3866-4871-ae67-f89a1c65e711
*** Element info: {Using=xpath, value=/html/body/div[1]/header/div/div[1]/div[4]/div[3]/div[2]/div/div[1]/div/a/span}
at sun.reflect.NativeConstructorAccessorImpl.newInstance0(Native Method)
at sun.reflect.NativeConstructorAccessorImpl.newInstance(NativeConstructorAccessorImpl.java:62)
at sun.reflect.DelegatingConstructorAccessorImpl.newInstance(DelegatingConstructorAccessorImpl.java:45)
at java.lang.reflect.Constructor.newInstance(Constructor.java:423)
at org.openqa.selenium.remote.http.W3CHttpResponseCodec.createException(W3CHttpResponseCodec.java:187)
at org.openqa.selenium.remote.http.W3CHttpResponseCodec.decode(W3CHttpResponseCodec.java:122)
at org.openqa.selenium.remote.http.W3CHttpResponseCodec.decode(W3CHttpResponseCodec.java:49)
at org.openqa.selenium.remote.HttpCommandExecutor.execute(HttpCommandExecutor.java:158)
at org.openqa.selenium.remote.service.DriverCommandExecutor.execute(DriverCommandExecutor.java:83)
at org.openqa.selenium.remote.RemoteWebDriver.execute(RemoteWebDriver.java:552)
at org.openqa.selenium.remote.RemoteWebDriver.findElement(RemoteWebDriver.java:323)
at org.openqa.selenium.remote.RemoteWebDriver.findElementByXPath(RemoteWebDriver.java:428)
at org.openqa.selenium.By$ByXPath.findElement(By.java:353)
at org.openqa.selenium.remote.RemoteWebDriver.findElement(RemoteWebDriver.java:315)
at pageobjects.Amazonanotherpage.signin_button_click(Amazonanotherpage.java:39)
at testrunner.Amazongoogletestrun.signinbuttonclick(Amazongoogletestrun.java:37)
at sun.reflect.NativeMethodAccessorImpl.invoke0(Native Method)
at sun.reflect.NativeMethodAccessorImpl.invoke(NativeMethodAccessorImpl.java:62)
at sun.reflect.DelegatingMethodAccessorImpl.invoke(DelegatingMethodAccessorImpl.java:43)
at java.lang.reflect.Method.invoke(Method.java:498)
at org.testng.internal.MethodInvocationHelper.invokeMethod(MethodInvocationHelper.java:133)
at org.testng.internal.TestInvoker.invokeMethod(TestInvoker.java:584)
at org.testng.internal.TestInvoker.invokeTestMethod(TestInvoker.java:172)
at org.testng.internal.MethodRunner.runInSequence(MethodRunner.java:46)
at org.testng.internal.TestInvoker$MethodInvocationAgent.invoke(TestInvoker.java:804)
at org.testng.internal.TestInvoker.invokeTestMethods(TestInvoker.java:145)
at org.testng.internal.TestMethodWorker.invokeTestMethods(TestMethodWorker.java:146)
at org.testng.internal.TestMethodWorker.run(TestMethodWorker.java:128)
at java.util.concurrent.ThreadPoolExecutor.runWorker(ThreadPoolExecutor.java:1142)
at java.util.concurrent.ThreadPoolExecutor$Worker.run(ThreadPoolExecutor.java:617)
at java.lang.Thread.run(Thread.java:745)
]]>
            </full-stacktrace>
          </exception> <!-- org.openqa.selenium.NoSuchElementException -->
          <reporter-output>
          </reporter-output>
        </test-method> <!-- signinbuttonclick -->
        <test-method status="FAIL" signature="signinbuttonclick()[pri:2, instance:testrunner.Amazongoogletestrun@3b088d51]" name="signinbuttonclick" duration-ms="10021" started-at="2020-03-11T13:13:51 IST" description="click the signin button" finished-at="2020-03-11T13:14:01 IST">
          <exception class="org.openqa.selenium.NoSuchElementException">
            <message>
              <![CDATA[Unable to locate element: //*[@id="nav-link-accountList"]
For documentation on this error, please visit: https://www.seleniumhq.org/exceptions/no_such_element.html
Build info: version: '3.141.59', revision: 'e82be7d358', time: '2018-11-14T08:25:48'
System info: host: 'LE000539', ip: '172.25.11.66', os.name: 'Windows 10', os.arch: 'amd64', os.version: '10.0', java.version: '1.8.0_111'
Driver info: org.openqa.selenium.firefox.FirefoxDriver
Capabilities {acceptInsecureCerts: true, browserName: firefox, browserVersion: 74.0, javascriptEnabled: true, moz:accessibilityChecks: false, moz:buildID: 20200309095159, moz:geckodriverVersion: 0.26.0, moz:headless: false, moz:processID: 13668, moz:profile: C:\Users\sathyamoorthy.p\Ap..., moz:shutdownTimeout: 60000, moz:useNonSpecCompliantPointerOrigin: false, moz:webdriverClick: true, pageLoadStrategy: normal, platform: WINDOWS, platformName: WINDOWS, platformVersion: 10.0, rotatable: false, setWindowRect: true, strictFileInteractability: false, timeouts: {implicit: 0, pageLoad: 300000, script: 30000}, unhandledPromptBehavior: dismiss and notify}
Session ID: e1ae5026-3866-4871-ae67-f89a1c65e711
*** Element info: {Using=xpath, value=//*[@id="nav-link-accountList"]}]]>
            </message>
            <full-stacktrace>
              <![CDATA[org.openqa.selenium.NoSuchElementException: Unable to locate element: //*[@id="nav-link-accountList"]
For documentation on this error, please visit: https://www.seleniumhq.org/exceptions/no_such_element.html
Build info: version: '3.141.59', revision: 'e82be7d358', time: '2018-11-14T08:25:48'
System info: host: 'LE000539', ip: '172.25.11.66', os.name: 'Windows 10', os.arch: 'amd64', os.version: '10.0', java.version: '1.8.0_111'
Driver info: org.openqa.selenium.firefox.FirefoxDriver
Capabilities {acceptInsecureCerts: true, browserName: firefox, browserVersion: 74.0, javascriptEnabled: true, moz:accessibilityChecks: false, moz:buildID: 20200309095159, moz:geckodriverVersion: 0.26.0, moz:headless: false, moz:processID: 13668, moz:profile: C:\Users\sathyamoorthy.p\Ap..., moz:shutdownTimeout: 60000, moz:useNonSpecCompliantPointerOrigin: false, moz:webdriverClick: true, pageLoadStrategy: normal, platform: WINDOWS, platformName: WINDOWS, platformVersion: 10.0, rotatable: false, setWindowRect: true, strictFileInteractability: false, timeouts: {implicit: 0, pageLoad: 300000, script: 30000}, unhandledPromptBehavior: dismiss and notify}
Session ID: e1ae5026-3866-4871-ae67-f89a1c65e711
*** Element info: {Using=xpath, value=//*[@id="nav-link-accountList"]}
at sun.reflect.NativeConstructorAccessorImpl.newInstance0(Native Method)
at sun.reflect.NativeConstructorAccessorImpl.newInstance(NativeConstructorAccessorImpl.java:62)
at sun.reflect.DelegatingConstructorAccessorImpl.newInstance(DelegatingConstructorAccessorImpl.java:45)
at java.lang.reflect.Constructor.newInstance(Constructor.java:423)
at org.openqa.selenium.remote.http.W3CHttpResponseCodec.createException(W3CHttpResponseCodec.java:187)
at org.openqa.selenium.remote.http.W3CHttpResponseCodec.decode(W3CHttpResponseCodec.java:122)
at org.openqa.selenium.remote.http.W3CHttpResponseCodec.decode(W3CHttpResponseCodec.java:49)
at org.openqa.selenium.remote.HttpCommandExecutor.execute(HttpCommandExecutor.java:158)
at org.openqa.selenium.remote.service.DriverCommandExecutor.execute(DriverCommandExecutor.java:83)
at org.openqa.selenium.remote.RemoteWebDriver.execute(RemoteWebDriver.java:552)
at org.openqa.selenium.remote.RemoteWebDriver.findElement(RemoteWebDriver.java:323)
at org.openqa.selenium.remote.RemoteWebDriver.findElementByXPath(RemoteWebDriver.java:428)
at org.openqa.selenium.By$ByXPath.findElement(By.java:353)
at org.openqa.selenium.remote.RemoteWebDriver.findElement(RemoteWebDriver.java:315)
at pageobjects.Amazonanotherpage.signin_button_click(Amazonanotherpage.java:37)
at testrunner.Amazongoogletestrun.signinbuttonclick(Amazongoogletestrun.java:37)
at sun.reflect.NativeMethodAccessorImpl.invoke0(Native Method)
at sun.reflect.NativeMethodAccessorImpl.invoke(NativeMethodAccessorImpl.java:62)
at sun.reflect.DelegatingMethodAccessorImpl.invoke(DelegatingMethodAccessorImpl.java:43)
at java.lang.reflect.Method.invoke(Method.java:498)
at org.testng.internal.MethodInvocationHelper.invokeMethod(MethodInvocationHelper.java:133)
at org.testng.internal.TestInvoker.invokeMethod(TestInvoker.java:584)
at org.testng.internal.TestInvoker.retryFailed(TestInvoker.java:204)
at org.testng.internal.MethodRunner.runInSequence(MethodRunner.java:58)
at org.testng.internal.TestInvoker$MethodInvocationAgent.invoke(TestInvoker.java:804)
at org.testng.internal.TestInvoker.invokeTestMethods(TestInvoker.java:145)
at org.testng.internal.TestMethodWorker.invokeTestMethods(TestMethodWorker.java:146)
at org.testng.internal.TestMethodWorker.run(TestMethodWorker.java:128)
at java.util.concurrent.ThreadPoolExecutor.runWorker(ThreadPoolExecutor.java:1142)
at java.util.concurrent.ThreadPoolExecutor$Worker.run(ThreadPoolExecutor.java:617)
at java.lang.Thread.run(Thread.java:745)
]]>
            </full-stacktrace>
          </exception> <!-- org.openqa.selenium.NoSuchElementException -->
          <reporter-output>
            <line>
              <![CDATA[<a href='C:\Users\sathyamoorthy.p\Eclipse Helios\SAIFramework\PASSEDScreenCapturesPNG\1583912642392.png'> <img src='C:\Users\sathyamoorthy.p\Eclipse Helios\SAIFramework\PASSEDScreenCapturesPNG\1583912642392.png' height='100' width='100'/> </a>]]>
            </line>
          </reporter-output>
        </test-method> <!-- signinbuttonclick -->
        <test-method status="PASS" signature="movetothenextpagecreateaccount()[pri:3, instance:testrunner.Amazongoogletestrun@3b088d51]" name="movetothenextpagecreateaccount" duration-ms="554" started-at="2020-03-11T13:14:02 IST" description="Navigate to the next page create account" finished-at="2020-03-11T13:14:03 IST">
          <reporter-output>
            <line>
              <![CDATA[<a href='C:\Users\sathyamoorthy.p\Eclipse Helios\SAIFramework\PASSEDScreenCapturesPNG\1583912644533.png'> <img src='C:\Users\sathyamoorthy.p\Eclipse Helios\SAIFramework\PASSEDScreenCapturesPNG\1583912644533.png' height='100' width='100'/> </a>]]>
            </line>
          </reporter-output>
        </test-method> <!-- movetothenextpagecreateaccount -->
      </class> <!-- testrunner.Amazongoogletestrun -->
    </test> <!-- Amazongoogletest -->
    <test name="Logincredentialtest" duration-ms="20651" started-at="2020-03-11T13:14:04 IST" finished-at="2020-03-11T13:14:25 IST">
      <class name="testrunner.Logincredentialtestrun">
        <test-method status="PASS" signature="amazonregtitleverify()[pri:0, instance:testrunner.Logincredentialtestrun@57e1b0c]" name="amazonregtitleverify" duration-ms="118" started-at="2020-03-11T13:14:04 IST" finished-at="2020-03-11T13:14:04 IST">
          <reporter-output>
            <line>
              <![CDATA[<a href='C:\Users\sathyamoorthy.p\Eclipse Helios\SAIFramework\PASSEDScreenCapturesPNG\1583912646171.png'> <img src='C:\Users\sathyamoorthy.p\Eclipse Helios\SAIFramework\PASSEDScreenCapturesPNG\1583912646171.png' height='100' width='100'/> </a>]]>
            </line>
          </reporter-output>
        </test-method> <!-- amazonregtitleverify -->
        <test-method status="PASS" signature="enterthename(java.lang.String, java.lang.String, java.lang.String)[pri:1, instance:testrunner.Logincredentialtestrun@57e1b0c]" name="enterthename" duration-ms="256" started-at="2020-03-11T13:14:06 IST" data-provider="inputdata" finished-at="2020-03-11T13:14:06 IST">
          <params>
            <param index="0">
              <value>
                <![CDATA[sathyamoorthy]]>
              </value>
            </param>
            <param index="1">
              <value>
                <![CDATA[9894571625]]>
              </value>
            </param>
            <param index="2">
              <value>
                <![CDATA[sathya1983.moorthy@gmail.com]]>
              </value>
            </param>
          </params>
          <reporter-output>
            <line>
              <![CDATA[<a href='C:\Users\sathyamoorthy.p\Eclipse Helios\SAIFramework\PASSEDScreenCapturesPNG\1583912648126.png'> <img src='C:\Users\sathyamoorthy.p\Eclipse Helios\SAIFramework\PASSEDScreenCapturesPNG\1583912648126.png' height='100' width='100'/> </a>]]>
            </line>
          </reporter-output>
        </test-method> <!-- enterthename -->
        <test-method status="PASS" signature="dateselection()[pri:2, instance:testrunner.Logincredentialtestrun@57e1b0c]" name="dateselection" duration-ms="15113" started-at="2020-03-11T13:14:08 IST" finished-at="2020-03-11T13:14:23 IST">
          <reporter-output>
            <line>
              <![CDATA[<a href='C:\Users\sathyamoorthy.p\Eclipse Helios\SAIFramework\PASSEDScreenCapturesPNG\1583912664318.png'> <img src='C:\Users\sathyamoorthy.p\Eclipse Helios\SAIFramework\PASSEDScreenCapturesPNG\1583912664318.png' height='100' width='100'/> </a>]]>
            </line>
          </reporter-output>
        </test-method> <!-- dateselection -->
        <test-method status="PASS" signature="getthetitle()[pri:3, instance:testrunner.Logincredentialtestrun@57e1b0c]" name="getthetitle" duration-ms="6" started-at="2020-03-11T13:14:24 IST" finished-at="2020-03-11T13:14:24 IST">
          <reporter-output>
            <line>
              <![CDATA[<a href='C:\Users\sathyamoorthy.p\Eclipse Helios\SAIFramework\PASSEDScreenCapturesPNG\1583912665290.png'> <img src='C:\Users\sathyamoorthy.p\Eclipse Helios\SAIFramework\PASSEDScreenCapturesPNG\1583912665290.png' height='100' width='100'/> </a>]]>
            </line>
          </reporter-output>
        </test-method> <!-- getthetitle -->
      </class> <!-- testrunner.Logincredentialtestrun -->
    </test> <!-- Logincredentialtest -->
  </suite> <!-- TestingSuite -->
</testng-results>
