<?xml version="1.0" encoding="UTF-8"?>
<!-- Generated by org.testng.reporters.JUnitXMLReporter -->
<testsuite hostname="LE000539" ignored="0" name="amazonregtitleverify" tests="4" failures="1" timestamp="2020-01-10T14:00:40 IST" time="5.547" errors="0">
  <testcase name="enterthename" time="0.009" classname="testrunner.Logincredentialtestrun">
    <skipped/>
  </testcase> <!-- enterthename -->
  <testcase name="enterthename" time="0.008" classname="testrunner.Logincredentialtestrun">
    <failure type="java.lang.IllegalArgumentException" message="Keys to send should be a not null CharSequence">
      <![CDATA[java.lang.IllegalArgumentException: Keys to send should be a not null CharSequence
at org.openqa.selenium.remote.RemoteWebElement.sendKeys(RemoteWebElement.java:97)
at pageobjects.Logincredential.enter_the_values(Logincredential.java:106)
at testrunner.Logincredentialtestrun.enterthename(Logincredentialtestrun.java:67)
at java.util.ArrayList.forEach(ArrayList.java:1249)
... Removed 27 stack frames]]>
    </failure>
  </testcase> <!-- enterthename -->
  <testcase name="enterthename" time="0.275" classname="testrunner.Logincredentialtestrun"/>
  <testcase name="amazonregtitleverify" time="0.136" classname="testrunner.Logincredentialtestrun"/>
</testsuite> <!-- amazonregtitleverify -->
