<?xml version="1.0" encoding="UTF-8"?>
<!-- Generated by org.testng.reporters.JUnitXMLReporter -->
<testsuite hostname="LE000539" ignored="0" name="Logincredentialtest" tests="4" failures="0" timestamp="2020-02-26T18:01:21 IST" time="20.123" errors="0">
  <testcase name="amazonregtitleverify" time="0.136" classname="testrunner.Logincredentialtestrun"/>
  <testcase name="enterthename" time="0.32" classname="testrunner.Logincredentialtestrun"/>
  <testcase name="dateselection" time="14.716" classname="testrunner.Logincredentialtestrun"/>
  <testcase name="getthetitle" time="0.01" classname="testrunner.Logincredentialtestrun"/>
</testsuite> <!-- Logincredentialtest -->
