<?xml version="1.0" encoding="UTF-8"?>
<!-- Generated by org.testng.reporters.JUnitXMLReporter -->
<testsuite hostname="LE000539" ignored="0" name="Logincredentialtest" tests="4" failures="0" timestamp="2020-03-11T10:30:32 IST" time="20.064" errors="0">
  <testcase name="amazonregtitleverify" time="0.134" classname="testrunner.Logincredentialtestrun"/>
  <testcase name="enterthename" time="0.291" classname="testrunner.Logincredentialtestrun"/>
  <testcase name="dateselection" time="14.112" classname="testrunner.Logincredentialtestrun"/>
  <testcase name="getthetitle" time="0.004" classname="testrunner.Logincredentialtestrun"/>
</testsuite> <!-- Logincredentialtest -->
