<?xml version="1.0" encoding="UTF-8"?>
<!-- Generated by org.testng.reporters.JUnitXMLReporter -->
<testsuite hostname="LE000539" ignored="0" name="SmokeTesting" tests="7" failures="0" timestamp="2020-01-13T15:54:14 IST" time="65.846" errors="0">
  <testcase name="Testing" time="15.584" classname="testrunner.Logintestrun"/>
  <testcase name="naviagate" time="3.201" classname="testrunner.Logintestrun"/>
  <testcase name="verifyfirstline" time="0.078" classname="testrunner.Amazongoogletestrun"/>
  <testcase name="signinbuttonclick" time="3.331" classname="testrunner.Amazongoogletestrun"/>
  <testcase name="movetothenextpagecreateaccount" time="0.551" classname="testrunner.Amazongoogletestrun"/>
  <testcase name="amazonregtitleverify" time="0.138" classname="testrunner.Logincredentialtestrun"/>
  <testcase name="enterthename" time="0.303" classname="testrunner.Logincredentialtestrun"/>
</testsuite> <!-- SmokeTesting -->
