<?xml version="1.0" encoding="UTF-8"?>
<!-- Generated by org.testng.reporters.JUnitXMLReporter -->
<testsuite hostname="LE000539" ignored="2" name="createaccount(failed)" tests="3" failures="2" timestamp="2020-01-08T16:29:31 IST" time="0.138" errors="0">
  <testcase name="signinclick" time="0.017" classname="testrunner.Logincredentialtestrun">
    <skipped/>
  </testcase> <!-- signinclick -->
  <testcase name="signinclick" time="0.004" classname="testrunner.Logincredentialtestrun">
    <failure type="java.lang.NullPointerException">
      <![CDATA[java.lang.NullPointerException
at pageobjects.Logincredential.Signin_click(Logincredential.java:24)
at testrunner.Logincredentialtestrun.signinclick(Logincredentialtestrun.java:26)
at java.util.ArrayList.forEach(ArrayList.java:1249)
... Removed 27 stack frames]]>
    </failure>
  </testcase> <!-- signinclick -->
  <testcase name="signinclick" time="0.087" classname="testrunner.Logincredentialtestrun">
    <failure type="java.lang.RuntimeException" message="java.lang.NullPointerException">
      <![CDATA[java.lang.RuntimeException: java.lang.NullPointerException
at ru.yandex.qatools.ashot.util.InnerScript.execute(InnerScript.java:29)
at ru.yandex.qatools.ashot.shooting.ViewportPastingDecorator.getFullHeight(ViewportPastingDecorator.java:67)
at ru.yandex.qatools.ashot.shooting.ViewportPastingDecorator.getScreenshot(ViewportPastingDecorator.java:41)
at ru.yandex.qatools.ashot.shooting.ViewportPastingDecorator.getScreenshot(ViewportPastingDecorator.java:35)
at ru.yandex.qatools.ashot.AShot.takeScreenshot(AShot.java:143)
at basepage.Basetesting.fullsscreen(Basetesting.java:141)
at basepage.Basetesting.onTestFailure(Basetesting.java:108)
at java.util.ArrayList.forEach(ArrayList.java:1249)
Caused by: java.lang.NullPointerException
at ru.yandex.qatools.ashot.util.InnerScript.execute(InnerScript.java:27)
... 31 more
... Removed 24 stack frames]]>
    </failure>
  </testcase> <!-- signinclick -->
  <testcase name="clickname" time="0.0" classname="testrunner.Logincredentialtestrun">
    <ignored/>
  </testcase> <!-- clickname -->
  <testcase name="enterthename" time="0.0" classname="testrunner.Logincredentialtestrun">
    <ignored/>
  </testcase> <!-- enterthename -->
</testsuite> <!-- createaccount(failed) -->
